1642156291224	geckodriver	INFO	Listening on 127.0.0.1:46021
1642156291735	mozrunner::runner	INFO	Running command: "/usr/bin/firefox" "--marionette" "--remote-debugging-port" "47857" "-no-remote" "-profile" "/tmp/rust_mozprofileAPvVPo"
ATTENTION: default value of option mesa_glthread overridden by environment.
ATTENTION: default value of option mesa_glthread overridden by environment.
ATTENTION: default value of option mesa_glthread overridden by environment.
ATTENTION: default value of option mesa_glthread overridden by environment.
1642156294215	Marionette	INFO	Marionette enabled
console.warn: SearchSettings: "get: No settings file exists, new profile?" (new NotFoundError("Could not open the file at /tmp/rust_mozprofileAPvVPo/search.json.mozlz4", (void 0)))
DevTools listening on ws://localhost:47857/devtools/browser/2d76c8b1-3ed7-49a7-b763-07f60552270d
1642156298557	Marionette	INFO	Listening on port 38495
1642156298690	RemoteAgent	WARN	TLS certificate errors will be ignored for this session
JavaScript error: resource:///actors/FormValidationChild.jsm, line 177: TypeError: this._element is null
1642156309700	Marionette	INFO	Stopped listening on port 38495
console.warn: TopSitesFeed: Failed to fetch data from Contile server: NetworkError when attempting to fetch resource.
1642156338234	geckodriver	INFO	Listening on 127.0.0.1:57265
1642156338735	mozrunner::runner	INFO	Running command: "/usr/bin/firefox" "--marionette" "--remote-debugging-port" "50095" "-no-remote" "-profile" "/tmp/rust_mozprofileSQBhhE"
ATTENTION: default value of option mesa_glthread overridden by environment.
ATTENTION: default value of option mesa_glthread overridden by environment.
ATTENTION: default value of option mesa_glthread overridden by environment.
ATTENTION: default value of option mesa_glthread overridden by environment.
1642156340314	Marionette	INFO	Marionette enabled
console.warn: SearchSettings: "get: No settings file exists, new profile?" (new NotFoundError("Could not open the file at /tmp/rust_mozprofileSQBhhE/search.json.mozlz4", (void 0)))
DevTools listening on ws://localhost:50095/devtools/browser/5412c3b3-f2b3-4df9-b580-d1d047fc67ba
1642156343820	Marionette	INFO	Listening on port 43949
1642156344601	RemoteAgent	WARN	TLS certificate errors will be ignored for this session
JavaScript error: resource:///actors/FormValidationChild.jsm, line 177: TypeError: this._element is null
1642156350627	Marionette	INFO	Stopped listening on port 43949
console.warn: TopSitesFeed: Failed to fetch data from Contile server: NetworkError when attempting to fetch resource.

###!!! [Parent][RunMessage] Error: Channel closing: too late to send/recv, messages will be lost

1642156416438	geckodriver	INFO	Listening on 127.0.0.1:52685
1642156416444	mozrunner::runner	INFO	Running command: "/usr/bin/firefox" "--marionette" "--remote-debugging-port" "55931" "-no-remote" "-profile" "/tmp/rust_mozprofileP2F5Th"
ATTENTION: default value of option mesa_glthread overridden by environment.
ATTENTION: default value of option mesa_glthread overridden by environment.
ATTENTION: default value of option mesa_glthread overridden by environment.
ATTENTION: default value of option mesa_glthread overridden by environment.
1642156417858	Marionette	INFO	Marionette enabled
console.warn: SearchSettings: "get: No settings file exists, new profile?" (new NotFoundError("Could not open the file at /tmp/rust_mozprofileP2F5Th/search.json.mozlz4", (void 0)))
DevTools listening on ws://localhost:55931/devtools/browser/da837dd0-c420-4824-81d7-1f69e9eef963
1642156420578	Marionette	INFO	Listening on port 40611
1642156420689	RemoteAgent	WARN	TLS certificate errors will be ignored for this session
1642156425168	Marionette	INFO	Stopped listening on port 40611
console.warn: TopSitesFeed: Failed to fetch data from Contile server: NetworkError when attempting to fetch resource.
1642156745058	geckodriver	INFO	Listening on 127.0.0.1:35527
1642156745561	mozrunner::runner	INFO	Running command: "/usr/bin/firefox" "--marionette" "--remote-debugging-port" "40937" "-no-remote" "-profile" "/tmp/rust_mozprofile5hEvVy"
ATTENTION: default value of option mesa_glthread overridden by environment.
ATTENTION: default value of option mesa_glthread overridden by environment.
ATTENTION: default value of option mesa_glthread overridden by environment.
ATTENTION: default value of option mesa_glthread overridden by environment.
1642156746570	Marionette	INFO	Marionette enabled
console.warn: SearchSettings: "get: No settings file exists, new profile?" (new NotFoundError("Could not open the file at /tmp/rust_mozprofile5hEvVy/search.json.mozlz4", (void 0)))
DevTools listening on ws://localhost:40937/devtools/browser/d94bc9bb-03de-4f89-a4ae-18abf096c3a6
1642156749008	Marionette	INFO	Listening on port 41417
1642156749105	RemoteAgent	WARN	TLS certificate errors will be ignored for this session
1642156762331	geckodriver	INFO	Listening on 127.0.0.1:40875
1642156762345	mozrunner::runner	INFO	Running command: "/usr/bin/firefox" "--marionette" "--remote-debugging-port" "48923" "-no-remote" "-profile" "/tmp/rust_mozprofilevAmGSV"
ATTENTION: default value of option mesa_glthread overridden by environment.
ATTENTION: default value of option mesa_glthread overridden by environment.
ATTENTION: default value of option mesa_glthread overridden by environment.
ATTENTION: default value of option mesa_glthread overridden by environment.
1642156763510	Marionette	INFO	Marionette enabled
console.warn: SearchSettings: "get: No settings file exists, new profile?" (new NotFoundError("Could not open the file at /tmp/rust_mozprofilevAmGSV/search.json.mozlz4", (void 0)))
DevTools listening on ws://localhost:48923/devtools/browser/d9687beb-bde9-44cc-8d04-f5eb4235289c
1642156765531	Marionette	INFO	Listening on port 39793
1642156765592	RemoteAgent	WARN	TLS certificate errors will be ignored for this session
1642156778094	geckodriver	INFO	Listening on 127.0.0.1:46379
1642156778109	mozrunner::runner	INFO	Running command: "/usr/bin/firefox" "--marionette" "--remote-debugging-port" "36173" "-no-remote" "-profile" "/tmp/rust_mozprofileVnAjv9"
ATTENTION: default value of option mesa_glthread overridden by environment.
ATTENTION: default value of option mesa_glthread overridden by environment.
ATTENTION: default value of option mesa_glthread overridden by environment.
ATTENTION: default value of option mesa_glthread overridden by environment.
1642156779300	Marionette	INFO	Marionette enabled
console.warn: SearchSettings: "get: No settings file exists, new profile?" (new NotFoundError("Could not open the file at /tmp/rust_mozprofileVnAjv9/search.json.mozlz4", (void 0)))
DevTools listening on ws://localhost:36173/devtools/browser/e84797f4-6147-4880-ae79-3a65eedd7eb9
1642156781537	Marionette	INFO	Listening on port 36521
1642156781660	RemoteAgent	WARN	TLS certificate errors will be ignored for this session
1642156790096	Marionette	INFO	Stopped listening on port 36521
console.warn: TopSitesFeed: Failed to fetch data from Contile server: NetworkError when attempting to fetch resource.
1642156799477	geckodriver	INFO	Listening on 127.0.0.1:58445
1642156799487	mozrunner::runner	INFO	Running command: "/usr/bin/firefox" "--marionette" "--remote-debugging-port" "43465" "-no-remote" "-profile" "/tmp/rust_mozprofileFASdz5"
ATTENTION: default value of option mesa_glthread overridden by environment.
ATTENTION: default value of option mesa_glthread overridden by environment.
ATTENTION: default value of option mesa_glthread overridden by environment.
ATTENTION: default value of option mesa_glthread overridden by environment.
1642156800863	Marionette	INFO	Marionette enabled
console.warn: SearchSettings: "get: No settings file exists, new profile?" (new NotFoundError("Could not open the file at /tmp/rust_mozprofileFASdz5/search.json.mozlz4", (void 0)))
DevTools listening on ws://localhost:43465/devtools/browser/5669ac41-1eb1-4b2a-8f63-1b33efd32bc9
1642156803146	Marionette	INFO	Listening on port 44821
1642156803229	RemoteAgent	WARN	TLS certificate errors will be ignored for this session
1642156804541	Marionette	INFO	Stopped listening on port 44821
console.warn: TopSitesFeed: Failed to fetch data from Contile server: NetworkError when attempting to fetch resource.
1642156812262	geckodriver	INFO	Listening on 127.0.0.1:33837
1642156812281	mozrunner::runner	INFO	Running command: "/usr/bin/firefox" "--marionette" "--remote-debugging-port" "42661" "-no-remote" "-profile" "/tmp/rust_mozprofiledVCUsn"
ATTENTION: default value of option mesa_glthread overridden by environment.
ATTENTION: default value of option mesa_glthread overridden by environment.
ATTENTION: default value of option mesa_glthread overridden by environment.
ATTENTION: default value of option mesa_glthread overridden by environment.
1642156813369	Marionette	INFO	Marionette enabled
console.warn: SearchSettings: "get: No settings file exists, new profile?" (new NotFoundError("Could not open the file at /tmp/rust_mozprofiledVCUsn/search.json.mozlz4", (void 0)))
DevTools listening on ws://localhost:42661/devtools/browser/0d56f92d-4b56-4a9d-9264-8be62901b20c
1642156815452	Marionette	INFO	Listening on port 43331
1642156815521	RemoteAgent	WARN	TLS certificate errors will be ignored for this session
1642156818617	Marionette	INFO	Stopped listening on port 43331
console.warn: TopSitesFeed: Failed to fetch data from Contile server: NetworkError when attempting to fetch resource.
1642156821678	Marionette	INFO	Stopped listening on port 39793
console.warn: TopSitesFeed: Failed to fetch data from Contile server: NetworkError when attempting to fetch resource.
1642156824366	Marionette	INFO	Stopped listening on port 41417
console.warn: TopSitesFeed: Failed to fetch data from Contile server: NetworkError when attempting to fetch resource.
1642156845862	geckodriver	INFO	Listening on 127.0.0.1:46205
1642156845874	mozrunner::runner	INFO	Running command: "/usr/bin/firefox" "--marionette" "--remote-debugging-port" "48139" "-no-remote" "-profile" "/tmp/rust_mozprofileijnKkp"
ATTENTION: default value of option mesa_glthread overridden by environment.
ATTENTION: default value of option mesa_glthread overridden by environment.
ATTENTION: default value of option mesa_glthread overridden by environment.
ATTENTION: default value of option mesa_glthread overridden by environment.
1642156847095	Marionette	INFO	Marionette enabled
console.warn: SearchSettings: "get: No settings file exists, new profile?" (new NotFoundError("Could not open the file at /tmp/rust_mozprofileijnKkp/search.json.mozlz4", (void 0)))
DevTools listening on ws://localhost:48139/devtools/browser/54d6d27d-89ad-4969-bb07-076efe0a29bf
1642156849104	Marionette	INFO	Listening on port 38033
1642156849223	RemoteAgent	WARN	TLS certificate errors will be ignored for this session
1642156858845	Marionette	INFO	Stopped listening on port 38033
console.warn: TopSitesFeed: Failed to fetch data from Contile server: NetworkError when attempting to fetch resource.
1642532433011	geckodriver	INFO	Listening on 127.0.0.1:46481
1642532433020	mozrunner::runner	INFO	Running command: "/usr/bin/firefox" "--marionette" "--remote-debugging-port" "53013" "-no-remote" "-profile" "/tmp/rust_mozprofile4qecvj"
ATTENTION: default value of option mesa_glthread overridden by environment.
ATTENTION: default value of option mesa_glthread overridden by environment.
ATTENTION: default value of option mesa_glthread overridden by environment.
ATTENTION: default value of option mesa_glthread overridden by environment.
1642532434126	Marionette	INFO	Marionette enabled
console.warn: SearchSettings: "get: No settings file exists, new profile?" (new NotFoundError("Could not open the file at /tmp/rust_mozprofile4qecvj/search.json.mozlz4", (void 0)))
DevTools listening on ws://localhost:53013/devtools/browser/e3d71566-3cc0-45d5-8505-f040fd9943c9
1642532436344	Marionette	INFO	Listening on port 33379
1642532436453	RemoteAgent	WARN	TLS certificate errors will be ignored for this session
1642532644880	Marionette	INFO	Stopped listening on port 33379
console.warn: TopSitesFeed: Failed to fetch data from Contile server: NetworkError when attempting to fetch resource.
JavaScript error: chrome://remote/content/marionette/cert.js, line 55: NS_ERROR_NOT_AVAILABLE: Component returned failure code: 0x80040111 (NS_ERROR_NOT_AVAILABLE) [nsICertOverrideService.setDisableAllSecurityChecksAndLetAttackersInterceptMyData]
